<?xml version="1.0" encoding="utf-8"?><testsuites name="pytest tests"><testsuite name="pytest" errors="0" failures="0" skipped="0" tests="14" time="2.837" timestamp="2026-08-20T06:14:28.910047+00:00" hostname="agent-env-def8ab42-f65d-4595-9bf2-646672e69cc7"><testcase classname="tests.backend_test" name="test_login_success" time="0.544" /><testcase classname="tests.backend_test" name="test_login_invalid" time="0.301" /><testcase classname="tests.backend_test" name="test_register_new_user" time="0.348" /><testcase classname="tests.backend_test" name="test_me_endpoint" time="0.358" /><testcase classname="tests.backend_test" name="test_me_unauth" time="0.046" /><testcase classname="tests.backend_test" name="test_list_services" time="0.044" /><testcase classname="tests.backend_test" name="test_list_plans" time="0.046" /><testcase classname="tests.backend_test" name="test_booking_flow" time="0.123" /><testcase classname="tests.backend_test" name="test_booking_requires_auth" time="0.043" /><testcase classname="tests.backend_test" name="test_subscription_mock_checkout" time="0.121" /><testcase classname="tests.backend_test" name="test_subscription_invalid_plan" time="0.045" /><testcase classname="tests.backend_test" name="test_reminder_flow" time="0.126" /><testcase classname="tests.backend_test" name="test_dashboard" time="0.045" /><testcase classname="tests.backend_test" name="test_callback_public" time="0.070" /></testsuite></testsuites>